
[2025-04-26 16:40:32] info: The test case has started
[2025-04-26 16:43:03] info: The test case has started
[2025-04-26 17:36:59] info: The test case has started
[2025-04-26 17:42:09] info: The test case has started
[2025-04-26 17:48:43] info: The test case has started
[2025-04-26 17:51:21] info: The test case has started
[2025-04-26 17:51:57] info: The test has ended
[2025-04-26 17:54:41] info: The test case has started
[2025-04-26 17:55:17] info: The test has ended
[2025-04-26 18:03:36] info: The test case has started
[2025-04-26 18:04:12] info: The test has ended
[2025-04-26 18:06:44] info: The test case has started
[2025-04-26 18:07:23] info: we came to the end
[2025-04-26 18:07:23] info: The test has ended
[2025-04-26 18:14:52] info: The test case has started
[2025-04-26 18:15:30] info: we came to the end
[2025-04-26 18:20:48] info: The test case has started
[2025-04-26 18:21:26] info: we came to the end
[2025-04-26 18:21:27] info: worked
[2025-04-26 18:21:27] info: The test has ended
[2025-04-26 18:23:32] info: The test case has started
[2025-04-26 18:24:13] info: we came to the end
[2025-04-26 18:24:14] info: worked
[2025-04-26 18:24:14] info: The test has ended
[2025-04-26 18:29:45] info: The test case has started
[2025-04-26 18:30:26] info: we came to the end
[2025-04-26 18:30:28] info: worked
[2025-04-26 18:32:10] info: The test case has started
[2025-04-26 18:32:56] info: we came to the end
[2025-04-26 18:32:57] info: worked
[2025-04-26 18:35:16] info: The test case has started
[2025-04-26 18:35:54] info: we came to the end
[2025-04-26 18:35:55] info: worked
[2025-04-26 18:38:50] info: The test case has started
[2025-04-26 18:39:26] info: we came to the end
[2025-04-26 18:39:27] info: worked
[2025-04-26 18:43:19] info: The test case has started
[2025-04-26 18:43:58] info: we came to the end
[2025-04-26 18:43:59] info: worked
[2025-04-26 18:46:20] info: The test case has started
[2025-04-26 18:47:02] info: we came to the end
[2025-04-26 18:47:03] info: worked
[2025-04-26 18:47:06] info: פיקוד אחד נלחץ
[2025-04-26 18:47:06] info: The test has ended
[2025-04-26 18:48:14] info: The test case has started
[2025-04-26 18:48:54] info: we came to the end
[2025-04-26 18:48:55] info: worked
[2025-04-26 18:48:58] info: פיקוד אחד נלחץ
[2025-04-26 18:49:02] info: The test has ended
[2025-04-26 18:57:43] info: The test case has started
[2025-04-26 18:58:22] info: we came to the end
[2025-04-26 18:58:23] info: worked
[2025-04-26 18:58:25] info: פיקוד אחד נלחץ
[2025-04-26 18:58:34] info: The test has ended
[2025-04-26 19:00:14] info: The test case has started
[2025-04-26 19:00:50] info: we came to the end
[2025-04-26 19:00:51] info: worked
[2025-04-26 19:00:54] info: פיקוד אחד נלחץ
[2025-04-26 19:06:35] info: The test case has started
[2025-04-26 19:07:17] info: we came to the end
[2025-04-26 19:07:18] info: worked
[2025-04-26 19:07:20] info: פיקוד אחד נלחץ
[2025-04-26 19:07:28] info: The test has ended
[2025-04-26 19:08:05] info: The test case has started
[2025-04-26 19:08:45] info: we came to the end
[2025-04-26 19:08:46] info: worked
[2025-04-26 19:08:49] info: פיקוד אחד נלחץ
[2025-04-26 19:08:58] info: The test has ended
[2025-04-26 19:11:33] info: The test case has started
[2025-04-26 19:12:12] info: we came to the end
[2025-04-26 19:12:13] info: worked
[2025-04-26 19:12:16] info: פיקוד אחד נלחץ
[2025-04-26 19:14:18] info: The test case has started
[2025-04-26 19:14:55] info: we came to the end
[2025-04-26 19:14:56] info: worked
[2025-04-26 19:14:59] info: פיקוד אחד נלחץ
[2025-04-26 19:16:02] info: The test case has started
[2025-04-26 19:16:40] info: we came to the end
[2025-04-26 19:16:41] info: worked
[2025-04-26 19:16:43] info: פיקוד אחד נלחץ
[2025-04-26 19:22:59] info: The test case has started
[2025-04-26 19:23:38] info: we came to the end
[2025-04-26 19:23:39] info: worked
[2025-04-26 19:23:41] info: פיקוד אחד נלחץ
[2025-04-26 21:29:02] info: The test case has started
[2025-04-26 21:29:40] info: we came to the end
[2025-04-26 21:29:41] info: worked
[2025-04-26 21:29:44] info: פיקוד אחד נלחץ
[2025-04-26 21:29:53] info: אוגדה 1 נלחצה
[2025-04-26 21:30:00] info: The test has ended
[2025-04-26 21:36:26] info: The test case has started
[2025-04-26 21:37:04] info: we came to the end
[2025-04-26 21:37:05] info: worked
[2025-04-26 21:37:08] info: פיקוד אחד נלחץ
[2025-04-26 21:37:17] info: אוגדה 1 נלחצה
[2025-04-26 21:37:24] info: The test has ended
[2025-04-26 21:51:13] info: The test case has started
[2025-04-26 21:51:52] info: we came to the end
[2025-04-26 21:51:53] info: worked
[2025-04-26 21:51:55] info: פיקוד אחד נלחץ
[2025-04-26 21:53:32] info: The test case has started
[2025-04-26 21:54:09] info: we came to the end
[2025-04-26 21:54:10] info: worked
[2025-04-26 21:54:12] info: פיקוד אחד נלחץ
[2025-04-26 21:54:21] info: אוגדה 1 נלחצה
[2025-04-26 21:54:28] info: The test has ended
[2025-04-26 21:59:14] info: The test case has started
[2025-04-26 21:59:52] info: we came to the end
[2025-04-26 21:59:53] info: worked
[2025-04-26 21:59:56] info: פיקוד אחד נלחץ
[2025-04-26 22:02:15] info: The test case has started
[2025-04-26 22:03:50] info: The test case has started
[2025-04-26 22:05:22] info: The test case has started
[2025-04-26 22:06:31] info: The test case has started
[2025-04-26 22:07:10] info: we came to the end
[2025-04-26 22:07:11] info: worked
[2025-04-26 22:07:14] info: פיקוד אחד נלחץ
[2025-04-26 22:07:23] info: אוגדה 1 נלחצה
[2025-04-26 22:08:49] info: The test case has started
[2025-04-26 22:09:28] info: we came to the end
[2025-04-26 22:09:31] info: worked
[2025-04-26 22:09:33] info: פיקוד אחד נלחץ
[2025-04-26 22:09:42] info: אוגדה 1 נלחצה
[2025-04-26 22:13:34] info: The test case has started
[2025-04-26 22:14:14] info: we came to the end
[2025-04-26 22:14:15] info: worked
[2025-04-26 22:14:18] info: פיקוד אחד נלחץ
[2025-04-26 22:14:27] info: אוגדה 1 נלחצה
[2025-04-26 22:27:37] info: The test case has started
[2025-04-26 22:28:30] info: The test case has started
[2025-04-26 22:29:09] info: we came to the end
[2025-04-26 22:29:11] info: worked
[2025-04-26 22:29:13] info: פיקוד אחד נלחץ
[2025-04-26 22:29:23] info: אוגדה 1 נלחצה
[2025-04-26 22:30:23] info: The test case has started
[2025-04-26 22:31:05] info: we came to the end
[2025-04-26 22:31:06] info: worked
[2025-04-26 22:31:08] info: פיקוד אחד נלחץ
[2025-04-26 22:31:17] info: אוגדה 1 נלחצה
[2025-04-26 22:34:33] info: The test case has started
[2025-04-26 22:35:12] info: we came to the end
[2025-04-26 22:35:14] info: worked
[2025-04-26 22:35:16] info: פיקוד אחד נלחץ
[2025-04-26 22:35:25] info: אוגדה 1 נלחצה
[2025-04-26 22:35:26] info: The test has ended
[2025-04-26 22:36:56] info: The test case has started
[2025-04-26 22:38:07] info: The test case has started
[2025-04-26 22:38:41] info: The test case has started
[2025-04-26 22:39:22] info: we came to the end
[2025-04-26 22:39:23] info: worked
[2025-04-26 22:39:27] info: פיקוד אחד נלחץ
[2025-04-26 22:39:33] info: אוגדה 1 נלחצה
[2025-04-26 22:39:33] info: The test has ended
[2025-04-26 22:41:28] info: The test case has started
[2025-04-26 22:42:04] info: we came to the end
[2025-04-26 22:42:05] info: worked
[2025-04-26 22:42:07] info: פיקוד אחד נלחץ
[2025-04-26 22:42:13] info: אוגדה 1 נלחצה
[2025-04-26 22:42:14] info: אופציה 1 נלחצה
[2025-04-26 22:42:14] info: The test has ended
[2025-04-27 17:53:02] info: The test case has started
[2025-04-27 18:01:50] info: The test case has started
[2025-04-27 18:02:31] info: we came to the end
[2025-04-27 18:02:32] info: worked
[2025-04-27 18:02:36] info: פיקוד אחד נלחץ
[2025-04-27 18:02:45] info: אוגדה 1 נלחצה
[2025-04-27 18:02:45] info: אופציה 1 נלחצה
[2025-04-27 18:02:45] info: The test has ended
[2025-04-27 18:12:20] info: The test case has started
[2025-04-27 18:13:02] info: we came to the end
[2025-04-27 18:13:03] info: worked
[2025-04-27 18:13:05] info: פיקוד אחד נלחץ
[2025-04-27 18:13:11] info: אוגדה 1 נלחצה
[2025-04-27 18:13:11] info: אופציה 1 נלחצה
[2025-04-27 18:14:52] info: The test case has started
[2025-04-27 18:15:29] info: we came to the end
[2025-04-27 18:15:30] info: worked
[2025-04-27 18:15:32] info: פיקוד אחד נלחץ
[2025-04-27 18:15:39] info: אוגדה 1 נלחצה
[2025-04-27 18:15:39] info: אופציה 1 נלחצה
[2025-04-27 18:15:49] info: The test has ended
[2025-04-27 18:19:33] info: The test case has started
[2025-04-27 18:20:13] info: we came to the end
[2025-04-27 18:20:14] info: worked
[2025-04-27 18:20:17] info: פיקוד אחד נלחץ
[2025-04-27 18:20:24] info: אוגדה 1 נלחצה
[2025-04-27 18:21:08] info: The test case has started
[2025-04-27 18:21:46] info: we came to the end
[2025-04-27 18:21:48] info: worked
[2025-04-27 18:21:50] info: פיקוד אחד נלחץ
[2025-04-27 18:21:56] info: אוגדה 1 נלחצה
[2025-04-27 18:24:48] info: The test case has started
[2025-04-27 18:25:29] info: we came to the end
[2025-04-27 18:25:30] info: worked
[2025-04-27 18:25:32] info: פיקוד אחד נלחץ
[2025-04-27 18:25:40] info: אוגדה 1 נלחצה
[2025-04-27 18:27:31] info: The test case has started
[2025-04-27 18:28:07] info: we came to the end
[2025-04-27 18:28:08] info: worked
[2025-04-27 18:28:11] info: פיקוד אחד נלחץ
[2025-04-27 18:28:16] info: אוגדה 1 נלחצה
[2025-04-27 18:28:17] info: אופציה 1 נלחצה
[2025-04-27 18:28:17] info: The test has ended
[2025-04-27 18:28:52] info: The test case has started
[2025-04-27 18:29:29] info: we came to the end
[2025-04-27 18:29:30] info: worked
[2025-04-27 18:29:32] info: פיקוד אחד נלחץ
[2025-04-27 18:31:04] info: The test case has started
[2025-04-27 18:31:40] info: we came to the end
[2025-04-27 18:31:41] info: worked
[2025-04-27 18:31:44] info: פיקוד אחד נלחץ
[2025-04-27 18:32:36] info: The test case has started
[2025-04-27 18:33:15] info: we came to the end
[2025-04-27 18:33:17] info: worked
[2025-04-27 18:33:19] info: פיקוד אחד נלחץ
[2025-04-27 18:33:25] info: אוגדה 1 נלחצה
[2025-04-27 18:33:26] info: אופציה 1 נלחצה
[2025-04-27 18:33:27] info: The test has ended
[2025-04-27 18:37:00] info: The test case has started
[2025-04-27 18:37:40] info: we came to the end
[2025-04-27 18:37:41] info: worked
[2025-04-27 18:37:44] info: פיקוד אחד נלחץ
[2025-04-27 18:37:49] info: אוגדה 1 נלחצה
[2025-04-27 18:42:07] info: The test case has started
[2025-04-27 18:42:47] info: we came to the end
[2025-04-27 18:42:48] info: worked
[2025-04-27 18:42:51] info: פיקוד אחד נלחץ
[2025-04-27 18:42:57] info: אוגדה 1 נלחצה
[2025-04-27 18:42:57] info: אופציה 1 נלחצה
[2025-04-27 18:42:58] info: The test has ended
[2025-04-27 18:44:18] info: The test case has started
[2025-04-27 18:44:58] info: we came to the end
[2025-04-27 18:44:59] info: worked
[2025-04-27 18:45:01] info: פיקוד אחד נלחץ
[2025-04-27 18:45:07] info: אוגדה 1 נלחצה
[2025-04-27 18:45:07] info: אופציה 1 נלחצה
[2025-04-27 18:45:10] info: The test has ended
[2025-04-27 18:46:13] info: The test case has started
[2025-04-27 18:46:50] info: we came to the end
[2025-04-27 18:46:51] info: worked
[2025-04-27 18:46:53] info: פיקוד אחד נלחץ
[2025-04-27 18:47:00] info: אוגדה 1 נלחצה
[2025-04-27 18:47:00] info: אופציה 1 נלחצה
[2025-04-27 18:47:03] info: The test has ended
[2025-04-27 18:47:27] info: The test case has started
[2025-04-27 18:48:05] info: we came to the end
[2025-04-27 18:48:06] info: worked
[2025-04-27 18:48:08] info: פיקוד אחד נלחץ
[2025-04-27 18:50:25] info: The test case has started
[2025-04-27 18:51:05] info: we came to the end
[2025-04-27 18:51:06] info: worked
[2025-04-27 18:51:08] info: פיקוד אחד נלחץ
[2025-04-27 18:51:14] info: אוגדה 1 נלחצה
[2025-04-27 18:51:15] info: אופציה 1 נלחצה
[2025-04-27 18:51:15] info: The test has ended
[2025-04-27 18:51:37] info: The test case has started
[2025-04-27 18:52:16] info: we came to the end
[2025-04-27 18:52:17] info: worked
[2025-04-27 18:52:20] info: פיקוד אחד נלחץ
[2025-04-27 18:52:30] info: אוגדה 1 נלחצה
[2025-04-27 18:52:31] info: אופציה 1 נלחצה
[2025-04-27 18:52:33] info: The test has ended
[2025-04-27 18:53:15] info: The test case has started
[2025-04-27 18:53:52] info: we came to the end
[2025-04-27 18:53:53] info: worked
[2025-04-27 18:53:56] info: פיקוד אחד נלחץ
[2025-04-27 18:54:02] info: אוגדה 1 נלחצה
[2025-04-27 18:54:03] info: אופציה 1 נלחצה
[2025-04-27 18:54:06] info: The test has ended
[2025-04-27 18:55:53] info: The test case has started
[2025-04-27 18:56:30] info: we came to the end
[2025-04-27 18:56:31] info: worked
[2025-04-27 18:56:34] info: פיקוד אחד נלחץ
[2025-04-27 18:56:40] info: אוגדה 1 נלחצה
[2025-04-27 18:56:41] info: אופציה 1 נלחצה
[2025-04-27 18:56:48] info: 7 שניות הושלמו
[2025-04-27 18:56:48] info: The test has ended
[2025-04-27 18:58:31] info: The test case has started
[2025-04-27 18:59:11] info: we came to the end
[2025-04-27 18:59:12] info: worked
[2025-04-27 18:59:14] info: פיקוד אחד נלחץ
[2025-04-27 18:59:22] info: אוגדה 1 נלחצה
[2025-04-27 18:59:22] info: The test has ended
[2025-04-27 19:00:18] info: The test case has started
[2025-04-27 19:00:55] info: we came to the end
[2025-04-27 19:00:56] info: worked
[2025-04-27 19:00:59] info: פיקוד אחד נלחץ
[2025-04-27 19:01:05] info: אוגדה 1 נלחצה
[2025-04-27 19:01:05] info: The test has ended
[2025-04-27 19:02:53] info: The test case has started
[2025-04-27 19:03:33] info: we came to the end
[2025-04-27 19:03:34] info: worked
[2025-04-27 19:03:37] info: פיקוד אחד נלחץ
[2025-04-27 19:03:42] info: אוגדה 1 נלחצה
[2025-04-27 19:04:56] info: The test case has started
[2025-04-27 19:05:39] info: we came to the end
[2025-04-27 19:05:40] info: worked
[2025-04-27 19:05:45] info: פיקוד אחד נלחץ
[2025-04-27 19:05:54] info: אוגדה 1 נלחצה
[2025-04-27 19:05:55] info: The test has ended
[2025-04-27 19:07:45] info: The test case has started
[2025-04-27 19:08:31] info: we came to the end
[2025-04-27 19:08:32] info: worked
[2025-04-27 19:08:35] info: פיקוד אחד נלחץ
[2025-04-27 19:08:43] info: אוגדה 1 נלחצה
[2025-04-27 19:08:44] info: The test has ended
[2025-04-27 19:09:23] info: The test case has started
[2025-04-27 19:10:02] info: we came to the end
[2025-04-27 19:10:04] info: worked
[2025-04-27 19:10:06] info: פיקוד אחד נלחץ
[2025-04-27 19:10:14] info: אוגדה 1 נלחצה
[2025-04-27 19:10:35] info: The test case has started
[2025-04-27 19:11:14] info: we came to the end
[2025-04-27 19:11:15] info: worked
[2025-04-27 19:11:17] info: פיקוד אחד נלחץ
[2025-04-27 19:11:27] info: אוגדה 1 נלחצה
[2025-04-27 19:13:41] info: The test case has started
[2025-04-27 19:14:19] info: we came to the end
[2025-04-27 19:14:20] info: worked
[2025-04-27 19:14:23] info: פיקוד אחד נלחץ
[2025-04-27 19:14:28] info: אוגדה 1 נלחצה
[2025-04-27 19:14:30] info: The test has ended
[2025-04-27 19:15:15] info: The test case has started
[2025-04-27 19:15:53] info: we came to the end
[2025-04-27 19:15:54] info: worked
[2025-04-27 19:15:57] info: פיקוד אחד נלחץ
[2025-04-27 19:16:02] info: אוגדה 1 נלחצה
[2025-04-27 19:16:05] info: The test has ended
[2025-04-27 19:21:03] info: The test case has started
[2025-04-27 19:21:41] info: we came to the end
[2025-04-27 19:21:42] info: worked
[2025-04-27 19:21:44] info: פיקוד אחד נלחץ
[2025-04-27 19:21:50] info: אוגדה 1 נלחצה
[2025-04-27 19:21:54] info: The test has ended
[2025-04-27 19:24:08] info: The test case has started
[2025-04-27 19:24:50] info: we came to the end
[2025-04-27 19:24:51] info: worked
[2025-04-27 19:24:53] info: פיקוד אחד נלחץ
[2025-04-27 19:25:02] info: אוגדה 1 נלחצה
[2025-04-27 19:25:25] info: The test has ended
[2025-04-27 19:26:30] info: The test case has started
[2025-04-27 19:27:07] info: we came to the end
[2025-04-27 19:27:08] info: worked
[2025-04-27 19:27:11] info: פיקוד אחד נלחץ
[2025-04-27 19:27:16] info: אוגדה 1 נלחצה
[2025-04-27 19:27:34] info: The test has ended
[2025-04-27 19:28:44] info: The test case has started
[2025-04-27 19:29:22] info: we came to the end
[2025-04-27 19:29:25] info: worked
[2025-04-27 19:29:27] info: פיקוד אחד נלחץ
[2025-04-27 19:29:34] info: אוגדה 1 נלחצה
[2025-04-27 19:29:44] info: The test has ended
[2025-04-27 22:12:54] info: The test case has started
[2025-04-27 22:14:53] info: The test case has started
[2025-04-27 22:16:22] info: The test case has started
[2025-04-27 22:17:00] info: The test case has started
[2025-04-27 22:17:44] info: The test case has started
[2025-04-27 22:32:30] info: we came to the end
[2025-04-27 22:32:32] info: worked
[2025-04-27 22:32:37] info: פיקוד אחד נלחץ
[2025-04-28 17:06:52] info: The test case has started
[2025-04-28 17:09:39] info: The test case has started
[2025-04-28 17:10:19] info: we came to the end
[2025-04-28 17:10:20] info: worked
[2025-04-28 17:10:24] info: פיקוד אחד נלחץ
[2025-04-28 17:10:30] info: אוגדה 1 נלחצה
[2025-04-28 17:10:41] info: The test has ended
[2025-04-28 17:32:38] info: The test case has started
[2025-04-28 17:33:17] info: we came to the end
[2025-04-28 17:33:18] info: worked
[2025-04-28 17:33:21] info: פיקוד אחד נלחץ
[2025-04-28 17:33:29] info: אוגדה 1 נלחצה
[2025-04-28 17:33:40] info: The test has ended
[2025-04-28 17:45:41] info: The test case has started
[2025-04-28 17:53:52] info: The test case has started
[2025-04-28 17:54:30] info: we came to the end
[2025-04-28 17:54:31] info: worked
[2025-04-28 17:54:34] info: פיקוד אחד נלחץ
[2025-04-28 17:54:39] info: אוגדה 1 נלחצה
[2025-04-28 17:54:50] info: The test has ended
[2025-04-28 17:55:59] info: The test case has started
[2025-04-28 17:56:39] info: we came to the end
[2025-04-28 17:56:40] info: worked
[2025-04-28 17:56:42] info: פיקוד אחד נלחץ
[2025-04-28 17:56:50] info: אוגדה 1 נלחצה
[2025-04-28 17:57:00] info: The test has ended
[2025-04-28 17:59:02] info: The test case has started
[2025-04-28 18:00:44] info: The test case has started
[2025-04-28 18:01:23] info: we came to the end
[2025-04-28 18:01:24] info: worked
[2025-04-28 18:01:26] info: פיקוד אחד נלחץ
[2025-04-28 18:02:42] info: The test case has started
[2025-04-28 18:03:20] info: we came to the end
[2025-04-28 18:03:21] info: worked
[2025-04-28 18:03:23] info: פיקוד אחד נלחץ
[2025-04-28 18:03:29] info: אוגדה 1 נלחצה
[2025-04-28 18:03:39] info: The test has ended
[2025-04-28 18:10:49] info: The test case has started
[2025-04-28 18:11:28] info: we came to the end
[2025-04-28 18:11:29] info: worked
[2025-04-28 18:11:32] info: פיקוד אחד נלחץ
[2025-04-28 18:12:03] info: אוגדה 1 נלחצה
[2025-04-28 18:12:14] info: The test has ended
[2025-04-28 18:13:45] info: The test case has started
[2025-04-28 18:14:28] info: we came to the end
[2025-04-28 18:14:29] info: worked
[2025-04-28 18:14:32] info: פיקוד אחד נלחץ
[2025-04-28 18:14:41] info: אוגדה 1 נלחצה
[2025-04-28 18:14:51] info: The test has ended
[2025-04-28 18:25:47] info: The test case has started
[2025-04-28 18:26:27] info: we came to the end
[2025-04-28 18:26:28] info: worked
[2025-04-28 18:26:31] info: פיקוד אחד נלחץ
[2025-04-28 18:26:37] info: אוגדה 1 נלחצה
[2025-04-28 18:26:47] info: The test has ended
[2025-04-28 18:27:36] info: Finished potential stage
